<?xml version="1.0" encoding="UTF-8"?>
<testng-results skipped="0" failed="0" ignored="0" total="1" passed="1">
  <reporter-output>
  </reporter-output>
  <suite name="Default suite" duration-ms="11016" started-at="2017-08-29T06:52:15Z" finished-at="2017-08-29T06:52:26Z">
    <groups>
    </groups>
    <test name="Default test" duration-ms="11016" started-at="2017-08-29T06:52:15Z" finished-at="2017-08-29T06:52:26Z">
      <class name="SeleniumObjRepo.SFDCLoginErrorMsg">
        <test-method status="PASS" signature="setUp()[pri:0, instance:SeleniumObjRepo.SFDCLoginErrorMsg@5f375618]" name="setUp" is-config="true" duration-ms="6972" started-at="2017-08-28T23:52:15Z" finished-at="2017-08-28T23:52:22Z">
          <reporter-output>
          </reporter-output>
        </test-method> <!-- setUp -->
        <test-method status="PASS" signature="testSFDCLogin()[pri:0, instance:SeleniumObjRepo.SFDCLoginErrorMsg@5f375618]" name="testSFDCLogin" duration-ms="4006" started-at="2017-08-28T23:52:22Z" finished-at="2017-08-28T23:52:26Z">
          <reporter-output>
          </reporter-output>
        </test-method> <!-- testSFDCLogin -->
        <test-method status="PASS" signature="tearDown()[pri:0, instance:SeleniumObjRepo.SFDCLoginErrorMsg@5f375618]" name="tearDown" is-config="true" duration-ms="1" started-at="2017-08-28T23:52:26Z" finished-at="2017-08-28T23:52:26Z">
          <reporter-output>
          </reporter-output>
        </test-method> <!-- tearDown -->
      </class> <!-- SeleniumObjRepo.SFDCLoginErrorMsg -->
    </test> <!-- Default test -->
  </suite> <!-- Default suite -->
</testng-results>
